Determining if the pthread_create exist failed with the following output:
Change Dir: /home/tup/Desktop/Sentry-Vision/build/CMakeFiles/CMakeTmp

Run Build Command:"/usr/bin/make" "cmTC_8f1a2/fast"
/usr/bin/make -f CMakeFiles/cmTC_8f1a2.dir/build.make CMakeFiles/cmTC_8f1a2.dir/build
make[1]: Entering directory '/home/tup/Desktop/Sentry-Vision/build/CMakeFiles/CMakeTmp'
Building C object CMakeFiles/cmTC_8f1a2.dir/CheckSymbolExists.c.o
/usr/bin/x86_64-linux-gnu-gcc-7   -std=c++11 -march=native    -o CMakeFiles/cmTC_8f1a2.dir/CheckSymbolExists.c.o   -c /home/tup/Desktop/Sentry-Vision/build/CMakeFiles/CMakeTmp/CheckSymbolExists.c
cc1: warning: command line option ‘-std=c++11’ is valid for C++/ObjC++ but not for C
Linking C executable cmTC_8f1a2
/usr/bin/cmake -E cmake_link_script CMakeFiles/cmTC_8f1a2.dir/link.txt --verbose=1
/usr/bin/x86_64-linux-gnu-gcc-7  -std=c++11 -march=native     -rdynamic CMakeFiles/cmTC_8f1a2.dir/CheckSymbolExists.c.o  -o cmTC_8f1a2 
CMakeFiles/cmTC_8f1a2.dir/CheckSymbolExists.c.o: In function `main':
CheckSymbolExists.c:(.text+0x1b): undefined reference to `pthread_create'
collect2: error: ld returned 1 exit status
CMakeFiles/cmTC_8f1a2.dir/build.make:97: recipe for target 'cmTC_8f1a2' failed
make[1]: *** [cmTC_8f1a2] Error 1
make[1]: Leaving directory '/home/tup/Desktop/Sentry-Vision/build/CMakeFiles/CMakeTmp'
Makefile:126: recipe for target 'cmTC_8f1a2/fast' failed
make: *** [cmTC_8f1a2/fast] Error 2

File /home/tup/Desktop/Sentry-Vision/build/CMakeFiles/CMakeTmp/CheckSymbolExists.c:
/* */
#include <pthread.h>

int main(int argc, char** argv)
{
  (void)argv;
#ifndef pthread_create
  return ((int*)(&pthread_create))[argc];
#else
  (void)argc;
  return 0;
#endif
}

Determining if the function pthread_create exists in the pthreads failed with the following output:
Change Dir: /home/tup/Desktop/Sentry-Vision/build/CMakeFiles/CMakeTmp

Run Build Command:"/usr/bin/make" "cmTC_4931e/fast"
/usr/bin/make -f CMakeFiles/cmTC_4931e.dir/build.make CMakeFiles/cmTC_4931e.dir/build
make[1]: Entering directory '/home/tup/Desktop/Sentry-Vision/build/CMakeFiles/CMakeTmp'
Building C object CMakeFiles/cmTC_4931e.dir/CheckFunctionExists.c.o
/usr/bin/x86_64-linux-gnu-gcc-7   -std=c++11 -march=native -DCHECK_FUNCTION_EXISTS=pthread_create   -o CMakeFiles/cmTC_4931e.dir/CheckFunctionExists.c.o   -c /usr/share/cmake-3.10/Modules/CheckFunctionExists.c
cc1: warning: command line option ‘-std=c++11’ is valid for C++/ObjC++ but not for C
Linking C executable cmTC_4931e
/usr/bin/cmake -E cmake_link_script CMakeFiles/cmTC_4931e.dir/link.txt --verbose=1
/usr/bin/x86_64-linux-gnu-gcc-7  -std=c++11 -march=native -DCHECK_FUNCTION_EXISTS=pthread_create    -rdynamic CMakeFiles/cmTC_4931e.dir/CheckFunctionExists.c.o  -o cmTC_4931e -lpthreads 
/usr/bin/ld: cannot find -lpthreads
collect2: error: ld returned 1 exit status
CMakeFiles/cmTC_4931e.dir/build.make:97: recipe for target 'cmTC_4931e' failed
make[1]: *** [cmTC_4931e] Error 1
make[1]: Leaving directory '/home/tup/Desktop/Sentry-Vision/build/CMakeFiles/CMakeTmp'
Makefile:126: recipe for target 'cmTC_4931e/fast' failed
make: *** [cmTC_4931e/fast] Error 2


